_old_/4-assembly/android/mixc-retail-rn84/android/app/build/intermediates/manifest_merge_blame_file/debug/processDebugMainManifest/manifest-merger-blame-debug-report.txt
1<?xml version="1.0" encoding="utf-8"?>
2<manifest xmlns:android="http://schemas.android.com/apk/res/android"
3    package="com.impos2.mixcretailrn84"
4    android:versionCode="1"
5    android:versionName="1.0" >
6
7    <uses-sdk
8        android:minSdkVersion="24"
9        android:targetSdkVersion="34" />
10
11    <uses-permission android:name="android.permission.INTERNET" />
11-->src/main/AndroidManifest.xml:3:5-67
11-->src/main/AndroidManifest.xml:3:22-64
12    <uses-permission android:name="android.permission.ACCESS_NETWORK_STATE" />
12-->src/main/AndroidManifest.xml:4:5-79
12-->src/main/AndroidManifest.xml:4:22-76
13    <uses-permission android:name="android.permission.ACCESS_WIFI_STATE" />
13-->src/main/AndroidManifest.xml:5:5-76
13-->src/main/AndroidManifest.xml:5:22-73
14
15    <!-- Camera: 扫码功能 -->
16    <uses-permission android:name="android.permission.CAMERA" />
16-->src/main/AndroidManifest.xml:8:5-65
16-->src/main/AndroidManifest.xml:8:22-62
17
18    <uses-feature
18-->src/main/AndroidManifest.xml:9:5-85
19        android:name="android.hardware.camera"
19-->src/main/AndroidManifest.xml:9:19-57
20        android:required="false" />
20-->src/main/AndroidManifest.xml:9:58-82
21
22    <!-- ExternalCall: BLUETOOTH -->
23    <uses-permission
23-->src/main/AndroidManifest.xml:12:5-95
24        android:name="android.permission.BLUETOOTH"
24-->src/main/AndroidManifest.xml:12:22-65
25        android:maxSdkVersion="30" />
25-->src/main/AndroidManifest.xml:12:66-92
26    <uses-permission
26-->src/main/AndroidManifest.xml:13:5-101
27        android:name="android.permission.BLUETOOTH_ADMIN"
27-->src/main/AndroidManifest.xml:13:22-71
28        android:maxSdkVersion="30" />
28-->src/main/AndroidManifest.xml:13:72-98
29    <uses-permission android:name="android.permission.BLUETOOTH_CONNECT" />
29-->src/main/AndroidManifest.xml:14:5-76
29-->src/main/AndroidManifest.xml:14:22-73
30    <uses-permission android:name="android.permission.BLUETOOTH_SCAN" />
30-->src/main/AndroidManifest.xml:15:5-73
30-->src/main/AndroidManifest.xml:15:22-70
31
32    <!-- ExternalCall: USB -->
33    <uses-feature
33-->src/main/AndroidManifest.xml:18:5-87
34        android:name="android.hardware.usb.host"
34-->src/main/AndroidManifest.xml:18:19-59
35        android:required="false" />
35-->src/main/AndroidManifest.xml:18:60-84
36
37    <!-- LocalWebServer: 前台服务 -->
38    <uses-permission android:name="android.permission.FOREGROUND_SERVICE" />
38-->src/main/AndroidManifest.xml:21:5-77
38-->src/main/AndroidManifest.xml:21:22-74
39    <uses-permission android:name="android.permission.FOREGROUND_SERVICE_DATA_SYNC" />
39-->src/main/AndroidManifest.xml:22:5-87
39-->src/main/AndroidManifest.xml:22:22-84
40    <!--
41    This manifest file is used only by Gradle to configure debug-only capabilities
42    for React Native Apps.
43    -->
44    <uses-permission android:name="android.permission.SYSTEM_ALERT_WINDOW" />
44-->[com.facebook.react:react-android:0.84.1] AndroidManifest.xml:16:5-78
44-->[com.facebook.react:react-android:0.84.1] AndroidManifest.xml:16:22-75
45
46    <permission
46-->[androidx.core:core:1.13.1] AndroidManifest.xml:22:5-24:47
47        android:name="com.impos2.mixcretailrn84.DYNAMIC_RECEIVER_NOT_EXPORTED_PERMISSION"
47-->[androidx.core:core:1.13.1] AndroidManifest.xml:23:9-81
48        android:protectionLevel="signature" />
48-->[androidx.core:core:1.13.1] AndroidManifest.xml:24:9-44
49
50    <uses-permission android:name="com.impos2.mixcretailrn84.DYNAMIC_RECEIVER_NOT_EXPORTED_PERMISSION" />
50-->[androidx.core:core:1.13.1] AndroidManifest.xml:26:5-97
50-->[androidx.core:core:1.13.1] AndroidManifest.xml:26:22-94
51
52    <application
52-->src/main/AndroidManifest.xml:24:5-66:19
53        android:name="com.impos2.mixcretailrn84.MainApplication"
53-->src/main/AndroidManifest.xml:25:7-38
54        android:allowBackup="false"
54-->src/main/AndroidManifest.xml:29:7-34
55        android:appComponentFactory="androidx.core.app.CoreComponentFactory"
55-->[androidx.core:core:1.13.1] AndroidManifest.xml:28:18-86
56        android:debuggable="true"
57        android:extractNativeLibs="false"
58        android:hardwareAccelerated="true"
58-->src/main/AndroidManifest.xml:31:7-41
59        android:icon="@mipmap/ic_launcher"
59-->src/main/AndroidManifest.xml:27:7-41
60        android:label="@string/app_name"
60-->src/main/AndroidManifest.xml:26:7-39
61        android:largeHeap="true"
61-->src/main/AndroidManifest.xml:32:7-31
62        android:networkSecurityConfig="@xml/network_security_config"
62-->src/main/AndroidManifest.xml:33:7-67
63        android:roundIcon="@mipmap/ic_launcher_round"
63-->src/main/AndroidManifest.xml:28:7-52
64        android:supportsRtl="true"
64-->src/main/AndroidManifest.xml:34:7-33
65        android:theme="@style/AppTheme" >
65-->src/main/AndroidManifest.xml:30:7-38
66        <activity
66-->src/main/AndroidManifest.xml:35:7-47:18
67            android:name="com.impos2.mixcretailrn84.MainActivity"
67-->src/main/AndroidManifest.xml:36:9-37
68            android:configChanges="keyboard|keyboardHidden|orientation|screenLayout|screenSize|smallestScreenSize|uiMode"
68-->src/main/AndroidManifest.xml:38:9-118
69            android:exported="true"
69-->src/main/AndroidManifest.xml:42:9-32
70            android:label="@string/app_name"
70-->src/main/AndroidManifest.xml:37:9-41
71            android:launchMode="singleTask"
71-->src/main/AndroidManifest.xml:39:9-40
72            android:theme="@style/LaunchTheme"
72-->src/main/AndroidManifest.xml:41:9-43
73            android:windowSoftInputMode="adjustPan" >
73-->src/main/AndroidManifest.xml:40:9-48
74            <intent-filter>
74-->src/main/AndroidManifest.xml:43:9-46:25
75                <action android:name="android.intent.action.MAIN" />
75-->src/main/AndroidManifest.xml:44:13-65
75-->src/main/AndroidManifest.xml:44:21-62
76
77                <category android:name="android.intent.category.LAUNCHER" />
77-->src/main/AndroidManifest.xml:45:13-73
77-->src/main/AndroidManifest.xml:45:23-70
78            </intent-filter>
79        </activity>
80
81        <!-- turbomodule-lib 的 Activity/Service 已在其自身 AndroidManifest 中声明，Gradle 会自动合并 -->
82
83        <activity
83-->src/main/AndroidManifest.xml:51:7-56:36
84            android:name="com.impos2.mixcretailrn84.loading.LoadingActivity"
84-->src/main/AndroidManifest.xml:52:9-48
85            android:excludeFromRecents="true"
85-->src/main/AndroidManifest.xml:55:9-42
86            android:exported="false"
86-->src/main/AndroidManifest.xml:56:9-33
87            android:launchMode="singleTask"
87-->src/main/AndroidManifest.xml:54:9-40
88            android:theme="@style/LoadingTheme" />
88-->src/main/AndroidManifest.xml:53:9-44
89        <activity
89-->src/main/AndroidManifest.xml:58:7-64:36
90            android:name="com.impos2.mixcretailrn84.SecondaryActivity"
90-->src/main/AndroidManifest.xml:59:9-42
91            android:configChanges="keyboard|keyboardHidden|orientation|screenLayout|screenSize|smallestScreenSize|uiMode"
91-->src/main/AndroidManifest.xml:60:9-118
92            android:exported="false"
92-->src/main/AndroidManifest.xml:64:9-33
93            android:process=":secondary"
93-->src/main/AndroidManifest.xml:63:9-37
94            android:theme="@style/AppTheme"
94-->src/main/AndroidManifest.xml:62:9-40
95            android:windowSoftInputMode="adjustPan" />
95-->src/main/AndroidManifest.xml:61:9-48
96        <activity
96-->[:impos2_adapter-android-rn84] AndroidManifest.xml:14:9-18:75
97            android:name="com.adapterrn84.turbomodules.connector.channels.ResultBridgeActivity"
97-->[:impos2_adapter-android-rn84] AndroidManifest.xml:15:13-96
98            android:excludeFromRecents="true"
98-->[:impos2_adapter-android-rn84] AndroidManifest.xml:16:13-46
99            android:exported="false"
99-->[:impos2_adapter-android-rn84] AndroidManifest.xml:17:13-37
100            android:theme="@android:style/Theme.Translucent.NoTitleBar" />
100-->[:impos2_adapter-android-rn84] AndroidManifest.xml:18:13-72
101        <activity
101-->[:impos2_adapter-android-rn84] AndroidManifest.xml:19:9-29:20
102            android:name="com.adapterrn84.turbomodules.connector.channels.CameraScanActivity"
102-->[:impos2_adapter-android-rn84] AndroidManifest.xml:20:13-94
103            android:configChanges="orientation|screenSize"
103-->[:impos2_adapter-android-rn84] AndroidManifest.xml:21:13-59
104            android:exported="false"
104-->[:impos2_adapter-android-rn84] AndroidManifest.xml:22:13-37
105            android:theme="@style/Theme.AppCompat.NoActionBar" >
105-->[:impos2_adapter-android-rn84] AndroidManifest.xml:23:13-63
106            <intent-filter>
106-->[:impos2_adapter-android-rn84] AndroidManifest.xml:24:13-28:29
107                <action android:name="com.impos2.posadapter.action.CAMERA_SCAN" />
107-->[:impos2_adapter-android-rn84] AndroidManifest.xml:25:17-83
107-->[:impos2_adapter-android-rn84] AndroidManifest.xml:25:25-80
108
109                <category android:name="android.intent.category.DEFAULT" />
109-->[:impos2_adapter-android-rn84] AndroidManifest.xml:27:17-76
109-->[:impos2_adapter-android-rn84] AndroidManifest.xml:27:27-73
110            </intent-filter>
111        </activity>
112
113        <service
113-->[:impos2_adapter-android-rn84] AndroidManifest.xml:31:9-34:56
114            android:name="com.adapterrn84.turbomodules.localwebserver.LocalWebServerService"
114-->[:impos2_adapter-android-rn84] AndroidManifest.xml:32:13-93
115            android:exported="false"
115-->[:impos2_adapter-android-rn84] AndroidManifest.xml:33:13-37
116            android:foregroundServiceType="dataSync" />
116-->[:impos2_adapter-android-rn84] AndroidManifest.xml:34:13-53
117
118        <activity
118-->[com.facebook.react:react-android:0.84.1] AndroidManifest.xml:19:9-21:40
119            android:name="com.facebook.react.devsupport.DevSettingsActivity"
119-->[com.facebook.react:react-android:0.84.1] AndroidManifest.xml:20:13-77
120            android:exported="false" />
120-->[com.facebook.react:react-android:0.84.1] AndroidManifest.xml:21:13-37
121
122        <service
122-->[androidx.camera:camera-camera2:1.3.4] AndroidManifest.xml:24:9-33:19
123            android:name="androidx.camera.core.impl.MetadataHolderService"
123-->[androidx.camera:camera-camera2:1.3.4] AndroidManifest.xml:25:13-75
124            android:enabled="false"
124-->[androidx.camera:camera-camera2:1.3.4] AndroidManifest.xml:26:13-36
125            android:exported="false" >
125-->[androidx.camera:camera-camera2:1.3.4] AndroidManifest.xml:27:13-37
126            <meta-data
126-->[androidx.camera:camera-camera2:1.3.4] AndroidManifest.xml:30:13-32:89
127                android:name="androidx.camera.core.impl.MetadataHolderService.DEFAULT_CONFIG_PROVIDER"
127-->[androidx.camera:camera-camera2:1.3.4] AndroidManifest.xml:31:17-103
128                android:value="androidx.camera.camera2.Camera2Config$DefaultProvider" />
128-->[androidx.camera:camera-camera2:1.3.4] AndroidManifest.xml:32:17-86
129        </service>
130        <service
130-->[com.google.android.gms:play-services-mlkit-barcode-scanning:18.3.1] AndroidManifest.xml:9:9-15:19
131            android:name="com.google.mlkit.common.internal.MlKitComponentDiscoveryService"
131-->[com.google.android.gms:play-services-mlkit-barcode-scanning:18.3.1] AndroidManifest.xml:10:13-91
132            android:directBootAware="true"
132-->[com.google.mlkit:common:18.11.0] AndroidManifest.xml:17:13-43
133            android:exported="false" >
133-->[com.google.android.gms:play-services-mlkit-barcode-scanning:18.3.1] AndroidManifest.xml:11:13-37
134            <meta-data
134-->[com.google.android.gms:play-services-mlkit-barcode-scanning:18.3.1] AndroidManifest.xml:12:13-14:85
135                android:name="com.google.firebase.components:com.google.mlkit.vision.barcode.internal.BarcodeRegistrar"
135-->[com.google.android.gms:play-services-mlkit-barcode-scanning:18.3.1] AndroidManifest.xml:13:17-120
136                android:value="com.google.firebase.components.ComponentRegistrar" />
136-->[com.google.android.gms:play-services-mlkit-barcode-scanning:18.3.1] AndroidManifest.xml:14:17-82
137            <meta-data
137-->[com.google.mlkit:vision-common:17.3.0] AndroidManifest.xml:12:13-14:85
138                android:name="com.google.firebase.components:com.google.mlkit.vision.common.internal.VisionCommonRegistrar"
138-->[com.google.mlkit:vision-common:17.3.0] AndroidManifest.xml:13:17-124
139                android:value="com.google.firebase.components.ComponentRegistrar" />
139-->[com.google.mlkit:vision-common:17.3.0] AndroidManifest.xml:14:17-82
140            <meta-data
140-->[com.google.mlkit:common:18.11.0] AndroidManifest.xml:20:13-22:85
141                android:name="com.google.firebase.components:com.google.mlkit.common.internal.CommonComponentRegistrar"
141-->[com.google.mlkit:common:18.11.0] AndroidManifest.xml:21:17-120
142                android:value="com.google.firebase.components.ComponentRegistrar" />
142-->[com.google.mlkit:common:18.11.0] AndroidManifest.xml:22:17-82
143        </service>
144
145        <provider
145-->[com.google.mlkit:common:18.11.0] AndroidManifest.xml:9:9-13:38
146            android:name="com.google.mlkit.common.internal.MlKitInitProvider"
146-->[com.google.mlkit:common:18.11.0] AndroidManifest.xml:10:13-78
147            android:authorities="com.impos2.mixcretailrn84.mlkitinitprovider"
147-->[com.google.mlkit:common:18.11.0] AndroidManifest.xml:11:13-69
148            android:exported="false"
148-->[com.google.mlkit:common:18.11.0] AndroidManifest.xml:12:13-37
149            android:initOrder="99" />
149-->[com.google.mlkit:common:18.11.0] AndroidManifest.xml:13:13-35
150
151        <activity
151-->[com.google.android.gms:play-services-base:18.5.0] AndroidManifest.xml:5:9-173
152            android:name="com.google.android.gms.common.api.GoogleApiActivity"
152-->[com.google.android.gms:play-services-base:18.5.0] AndroidManifest.xml:5:19-85
153            android:exported="false"
153-->[com.google.android.gms:play-services-base:18.5.0] AndroidManifest.xml:5:146-170
154            android:theme="@android:style/Theme.Translucent.NoTitleBar" />
154-->[com.google.android.gms:play-services-base:18.5.0] AndroidManifest.xml:5:86-145
155
156        <meta-data
156-->[com.google.android.gms:play-services-basement:18.4.0] AndroidManifest.xml:6:9-122
157            android:name="com.google.android.gms.version"
157-->[com.google.android.gms:play-services-basement:18.4.0] AndroidManifest.xml:6:20-65
158            android:value="@integer/google_play_services_version" />
158-->[com.google.android.gms:play-services-basement:18.4.0] AndroidManifest.xml:6:66-119
159
160        <provider
160-->[androidx.emoji2:emoji2:1.3.0] AndroidManifest.xml:24:9-32:20
161            android:name="androidx.startup.InitializationProvider"
161-->[androidx.emoji2:emoji2:1.3.0] AndroidManifest.xml:25:13-67
162            android:authorities="com.impos2.mixcretailrn84.androidx-startup"
162-->[androidx.emoji2:emoji2:1.3.0] AndroidManifest.xml:26:13-68
163            android:exported="false" >
163-->[androidx.emoji2:emoji2:1.3.0] AndroidManifest.xml:27:13-37
164            <meta-data
164-->[androidx.emoji2:emoji2:1.3.0] AndroidManifest.xml:29:13-31:52
165                android:name="androidx.emoji2.text.EmojiCompatInitializer"
165-->[androidx.emoji2:emoji2:1.3.0] AndroidManifest.xml:30:17-75
166                android:value="androidx.startup" />
166-->[androidx.emoji2:emoji2:1.3.0] AndroidManifest.xml:31:17-49
167            <meta-data
167-->[androidx.lifecycle:lifecycle-process:2.6.2] AndroidManifest.xml:29:13-31:52
168                android:name="androidx.lifecycle.ProcessLifecycleInitializer"
168-->[androidx.lifecycle:lifecycle-process:2.6.2] AndroidManifest.xml:30:17-78
169                android:value="androidx.startup" />
169-->[androidx.lifecycle:lifecycle-process:2.6.2] AndroidManifest.xml:31:17-49
170            <meta-data
170-->[androidx.profileinstaller:profileinstaller:1.3.1] AndroidManifest.xml:29:13-31:52
171                android:name="androidx.profileinstaller.ProfileInstallerInitializer"
171-->[androidx.profileinstaller:profileinstaller:1.3.1] AndroidManifest.xml:30:17-85
172                android:value="androidx.startup" />
172-->[androidx.profileinstaller:profileinstaller:1.3.1] AndroidManifest.xml:31:17-49
173        </provider>
174
175        <receiver
175-->[androidx.profileinstaller:profileinstaller:1.3.1] AndroidManifest.xml:34:9-52:20
176            android:name="androidx.profileinstaller.ProfileInstallReceiver"
176-->[androidx.profileinstaller:profileinstaller:1.3.1] AndroidManifest.xml:35:13-76
177            android:directBootAware="false"
177-->[androidx.profileinstaller:profileinstaller:1.3.1] AndroidManifest.xml:36:13-44
178            android:enabled="true"
178-->[androidx.profileinstaller:profileinstaller:1.3.1] AndroidManifest.xml:37:13-35
179            android:exported="true"
179-->[androidx.profileinstaller:profileinstaller:1.3.1] AndroidManifest.xml:38:13-36
180            android:permission="android.permission.DUMP" >
180-->[androidx.profileinstaller:profileinstaller:1.3.1] AndroidManifest.xml:39:13-57
181            <intent-filter>
181-->[androidx.profileinstaller:profileinstaller:1.3.1] AndroidManifest.xml:40:13-42:29
182                <action android:name="androidx.profileinstaller.action.INSTALL_PROFILE" />
182-->[androidx.profileinstaller:profileinstaller:1.3.1] AndroidManifest.xml:41:17-91
182-->[androidx.profileinstaller:profileinstaller:1.3.1] AndroidManifest.xml:41:25-88
183            </intent-filter>
184            <intent-filter>
184-->[androidx.profileinstaller:profileinstaller:1.3.1] AndroidManifest.xml:43:13-45:29
185                <action android:name="androidx.profileinstaller.action.SKIP_FILE" />
185-->[androidx.profileinstaller:profileinstaller:1.3.1] AndroidManifest.xml:44:17-85
185-->[androidx.profileinstaller:profileinstaller:1.3.1] AndroidManifest.xml:44:25-82
186            </intent-filter>
187            <intent-filter>
187-->[androidx.profileinstaller:profileinstaller:1.3.1] AndroidManifest.xml:46:13-48:29
188                <action android:name="androidx.profileinstaller.action.SAVE_PROFILE" />
188-->[androidx.profileinstaller:profileinstaller:1.3.1] AndroidManifest.xml:47:17-88
188-->[androidx.profileinstaller:profileinstaller:1.3.1] AndroidManifest.xml:47:25-85
189            </intent-filter>
190            <intent-filter>
190-->[androidx.profileinstaller:profileinstaller:1.3.1] AndroidManifest.xml:49:13-51:29
191                <action android:name="androidx.profileinstaller.action.BENCHMARK_OPERATION" />
191-->[androidx.profileinstaller:profileinstaller:1.3.1] AndroidManifest.xml:50:17-95
191-->[androidx.profileinstaller:profileinstaller:1.3.1] AndroidManifest.xml:50:25-92
192            </intent-filter>
193        </receiver>
194
195        <service
195-->[com.google.android.datatransport:transport-backend-cct:2.3.3] AndroidManifest.xml:29:9-35:19
196            android:name="com.google.android.datatransport.runtime.backends.TransportBackendDiscovery"
196-->[com.google.android.datatransport:transport-backend-cct:2.3.3] AndroidManifest.xml:30:13-103
197            android:exported="false" >
197-->[com.google.android.datatransport:transport-backend-cct:2.3.3] AndroidManifest.xml:31:13-37
198            <meta-data
198-->[com.google.android.datatransport:transport-backend-cct:2.3.3] AndroidManifest.xml:32:13-34:39
199                android:name="backend:com.google.android.datatransport.cct.CctBackendFactory"
199-->[com.google.android.datatransport:transport-backend-cct:2.3.3] AndroidManifest.xml:33:17-94
200                android:value="cct" />
200-->[com.google.android.datatransport:transport-backend-cct:2.3.3] AndroidManifest.xml:34:17-36
201        </service>
202        <service
202-->[com.google.android.datatransport:transport-runtime:2.2.6] AndroidManifest.xml:26:9-30:19
203            android:name="com.google.android.datatransport.runtime.scheduling.jobscheduling.JobInfoSchedulerService"
203-->[com.google.android.datatransport:transport-runtime:2.2.6] AndroidManifest.xml:27:13-117
204            android:exported="false"
204-->[com.google.android.datatransport:transport-runtime:2.2.6] AndroidManifest.xml:28:13-37
205            android:permission="android.permission.BIND_JOB_SERVICE" >
205-->[com.google.android.datatransport:transport-runtime:2.2.6] AndroidManifest.xml:29:13-69
206        </service>
207
208        <receiver
208-->[com.google.android.datatransport:transport-runtime:2.2.6] AndroidManifest.xml:32:9-34:40
209            android:name="com.google.android.datatransport.runtime.scheduling.jobscheduling.AlarmManagerSchedulerBroadcastReceiver"
209-->[com.google.android.datatransport:transport-runtime:2.2.6] AndroidManifest.xml:33:13-132
210            android:exported="false" />
210-->[com.google.android.datatransport:transport-runtime:2.2.6] AndroidManifest.xml:34:13-37
211
212        <meta-data
212-->[com.facebook.soloader:soloader:0.12.1] AndroidManifest.xml:12:9-14:37
213            android:name="com.facebook.soloader.enabled"
213-->[com.facebook.soloader:soloader:0.12.1] AndroidManifest.xml:13:13-57
214            android:value="false" />
214-->[com.facebook.soloader:soloader:0.12.1] AndroidManifest.xml:14:13-34
215    </application>
216
217</manifest>